<?xml version="1.0" encoding="UTF-8"?>
<!-- Generated by org.testng.reporters.JUnitXMLReporter -->
<testsuite ignored="0" hostname="DESKTOP-VNP3H0P" failures="0" tests="6" name="Test" time="71.503" errors="0" timestamp="2024-10-02T16:10:39 AEST">
  <testcase classname="com.qa.test.LoginPageTest" name="loginPageTitleTest" time="0.028"/>
  <testcase classname="com.qa.test.LoginPageTest" name="loginTest" time="1.245"/>
  <testcase classname="DataDriven.DataTest" name="DataDrivenTest" time="0.92"/>
  <testcase classname="DataDriven.DataTest" name="DataDrivenTest" time="1.193"/>
  <testcase classname="DataDriven.DataTest" name="DataDrivenTest" time="2.434"/>
  <testcase classname="FreeTestAutomation.FreeTest.FreeCRMTest" name="SydneyUniversityTest" time="23.738"/>
</testsuite> <!-- Test -->
