<?xml version="1.0" encoding="UTF-8"?>
<!-- Generated by org.testng.reporters.JUnitXMLReporter -->
<testsuite ignored="0" hostname="DESKTOP-VNP3H0P" failures="0" tests="6" name="Test" time="75.391" errors="0" timestamp="2024-10-02T11:12:54 AEST">
  <testcase classname="com.qa.test.LoginPageTest" name="loginPageTitleTest" time="0.12"/>
  <testcase classname="com.qa.test.LoginPageTest" name="loginTest" time="1.084"/>
  <testcase classname="DataDriven.DataTest" name="DataDrivenTest" time="1.952"/>
  <testcase classname="DataDriven.DataTest" name="DataDrivenTest" time="1.856"/>
  <testcase classname="DataDriven.DataTest" name="DataDrivenTest" time="1.192"/>
  <testcase classname="FreeTestAutomation.FreeTest.FreeCRMTest" name="SydneyUniversityTest" time="29.744"/>
</testsuite> <!-- Test -->
