<?xml version="1.0" encoding="UTF-8"?>
<testng-results ignored="0" total="6" passed="6" failed="0" skipped="0">
  <reporter-output>
  </reporter-output>
  <suite started-at="2024-10-02T16:09:27 AEST" name="Suite" finished-at="2024-10-02T16:10:39 AEST" duration-ms="71503">
    <groups>
    </groups>
    <test started-at="2024-10-02T16:09:27 AEST" name="Test" finished-at="2024-10-02T16:10:39 AEST" duration-ms="71503">
      <class name="com.qa.test.LoginPageTest">
        <test-method is-config="true" signature="setUp()[pri:0, instance:com.qa.test.LoginPageTest@175c2241]" started-at="2024-10-02T16:09:28 AEST" name="setUp" finished-at="2024-10-02T16:09:37 AEST" duration-ms="9140" status="PASS">
          <reporter-output>
          </reporter-output>
        </test-method> <!-- setUp -->
        <test-method signature="loginPageTitleTest()[pri:1, instance:com.qa.test.LoginPageTest@175c2241]" started-at="2024-10-02T16:09:37 AEST" name="loginPageTitleTest" finished-at="2024-10-02T16:09:37 AEST" duration-ms="28" status="PASS">
          <reporter-output>
          </reporter-output>
        </test-method> <!-- loginPageTitleTest -->
        <test-method is-config="true" signature="tearDown()[pri:0, instance:com.qa.test.LoginPageTest@175c2241]" started-at="2024-10-02T16:09:37 AEST" name="tearDown" finished-at="2024-10-02T16:09:37 AEST" duration-ms="691" status="PASS">
          <reporter-output>
          </reporter-output>
        </test-method> <!-- tearDown -->
        <test-method is-config="true" signature="setUp()[pri:0, instance:com.qa.test.LoginPageTest@175c2241]" started-at="2024-10-02T16:09:37 AEST" name="setUp" finished-at="2024-10-02T16:09:43 AEST" duration-ms="5531" status="PASS">
          <reporter-output>
          </reporter-output>
        </test-method> <!-- setUp -->
        <test-method signature="loginTest()[pri:2, instance:com.qa.test.LoginPageTest@175c2241]" started-at="2024-10-02T16:09:43 AEST" name="loginTest" finished-at="2024-10-02T16:09:44 AEST" duration-ms="1245" status="PASS">
          <reporter-output>
          </reporter-output>
        </test-method> <!-- loginTest -->
        <test-method is-config="true" signature="tearDown()[pri:0, instance:com.qa.test.LoginPageTest@175c2241]" started-at="2024-10-02T16:09:44 AEST" name="tearDown" finished-at="2024-10-02T16:09:44 AEST" duration-ms="278" status="PASS">
          <reporter-output>
          </reporter-output>
        </test-method> <!-- tearDown -->
      </class> <!-- com.qa.test.LoginPageTest -->
      <class name="FreeTestAutomation.FreeTest.FreeCRMTest">
        <test-method is-config="true" signature="setUp()[pri:0, instance:FreeTestAutomation.FreeTest.FreeCRMTest@229f66ed]" started-at="2024-10-02T16:10:05 AEST" name="setUp" finished-at="2024-10-02T16:10:11 AEST" duration-ms="5828" status="PASS">
          <reporter-output>
          </reporter-output>
        </test-method> <!-- setUp -->
        <test-method signature="SydneyUniversityTest()[pri:0, instance:FreeTestAutomation.FreeTest.FreeCRMTest@229f66ed]" started-at="2024-10-02T16:10:11 AEST" name="SydneyUniversityTest" finished-at="2024-10-02T16:10:35 AEST" duration-ms="23738" status="PASS">
          <reporter-output>
          </reporter-output>
        </test-method> <!-- SydneyUniversityTest -->
        <test-method is-config="true" signature="tearDown()[pri:0, instance:FreeTestAutomation.FreeTest.FreeCRMTest@229f66ed]" started-at="2024-10-02T16:10:35 AEST" name="tearDown" finished-at="2024-10-02T16:10:39 AEST" duration-ms="3680" status="PASS">
          <reporter-output>
          </reporter-output>
        </test-method> <!-- tearDown -->
      </class> <!-- FreeTestAutomation.FreeTest.FreeCRMTest -->
      <class name="DataDriven.DataTest">
        <test-method is-config="true" signature="setUp()[pri:0, instance:DataDriven.DataTest@7dcf94f8]" started-at="2024-10-02T16:09:46 AEST" name="setUp" finished-at="2024-10-02T16:09:51 AEST" duration-ms="5177" status="PASS">
          <reporter-output>
          </reporter-output>
        </test-method> <!-- setUp -->
        <test-method signature="DataDrivenTest(java.lang.String,java.lang.String)[pri:0, instance:DataDriven.DataTest@7dcf94f8]" started-at="2024-10-02T16:09:51 AEST" name="DataDrivenTest" data-provider="getCRMTestData" finished-at="2024-10-02T16:09:52 AEST" duration-ms="920" status="PASS">
          <params>
            <param index="0">
              <value>
                <![CDATA[standard_user]]>
              </value>
            </param>
            <param index="1">
              <value>
                <![CDATA[secret_sauce]]>
              </value>
            </param>
          </params>
          <reporter-output>
          </reporter-output>
        </test-method> <!-- DataDrivenTest -->
        <test-method is-config="true" signature="tearDown()[pri:0, instance:DataDriven.DataTest@7dcf94f8]" started-at="2024-10-02T16:09:52 AEST" name="tearDown" finished-at="2024-10-02T16:09:52 AEST" duration-ms="571" status="PASS">
          <reporter-output>
          </reporter-output>
        </test-method> <!-- tearDown -->
        <test-method is-config="true" signature="setUp()[pri:0, instance:DataDriven.DataTest@7dcf94f8]" started-at="2024-10-02T16:09:52 AEST" name="setUp" finished-at="2024-10-02T16:09:57 AEST" duration-ms="4337" status="PASS">
          <reporter-output>
          </reporter-output>
        </test-method> <!-- setUp -->
        <test-method signature="DataDrivenTest(java.lang.String,java.lang.String)[pri:0, instance:DataDriven.DataTest@7dcf94f8]" started-at="2024-10-02T16:09:57 AEST" name="DataDrivenTest" data-provider="getCRMTestData" finished-at="2024-10-02T16:09:58 AEST" duration-ms="1193" status="PASS">
          <params>
            <param index="0">
              <value>
                <![CDATA[standard_user]]>
              </value>
            </param>
            <param index="1">
              <value>
                <![CDATA[secret_sauce]]>
              </value>
            </param>
          </params>
          <reporter-output>
          </reporter-output>
        </test-method> <!-- DataDrivenTest -->
        <test-method is-config="true" signature="tearDown()[pri:0, instance:DataDriven.DataTest@7dcf94f8]" started-at="2024-10-02T16:09:58 AEST" name="tearDown" finished-at="2024-10-02T16:09:59 AEST" duration-ms="661" status="PASS">
          <reporter-output>
          </reporter-output>
        </test-method> <!-- tearDown -->
        <test-method is-config="true" signature="setUp()[pri:0, instance:DataDriven.DataTest@7dcf94f8]" started-at="2024-10-02T16:09:59 AEST" name="setUp" finished-at="2024-10-02T16:10:02 AEST" duration-ms="3923" status="PASS">
          <reporter-output>
          </reporter-output>
        </test-method> <!-- setUp -->
        <test-method signature="DataDrivenTest(java.lang.String,java.lang.String)[pri:0, instance:DataDriven.DataTest@7dcf94f8]" started-at="2024-10-02T16:10:02 AEST" name="DataDrivenTest" data-provider="getCRMTestData" finished-at="2024-10-02T16:10:05 AEST" duration-ms="2434" status="PASS">
          <params>
            <param index="0">
              <value>
                <![CDATA[standard_user]]>
              </value>
            </param>
            <param index="1">
              <value>
                <![CDATA[secret_sauce]]>
              </value>
            </param>
          </params>
          <reporter-output>
          </reporter-output>
        </test-method> <!-- DataDrivenTest -->
        <test-method is-config="true" signature="tearDown()[pri:0, instance:DataDriven.DataTest@7dcf94f8]" started-at="2024-10-02T16:10:05 AEST" name="tearDown" finished-at="2024-10-02T16:10:05 AEST" duration-ms="332" status="PASS">
          <reporter-output>
          </reporter-output>
        </test-method> <!-- tearDown -->
      </class> <!-- DataDriven.DataTest -->
    </test> <!-- Test -->
  </suite> <!-- Suite -->
</testng-results>
